# JRE version: OpenJDK Runtime Environment (8.0_152-b01) (build 1.8.0_152-release-915-b01)
# Java VM: OpenJDK 64-Bit Server VM (25.152-b01 mixed mode windows-amd64 compressed oops)
Heap:
 PSYoungGen      total 38400K, used 21503K [0x00000000e0000000, 0x00000000e3e00000, 0x0000000100000000)
  eden space 28160K, 63% used [0x00000000e0000000,0x00000000e117a380,0x00000000e1b80000)
  from space 10240K, 35% used [0x00000000e1b80000,0x00000000e1f05c38,0x00000000e2580000)
  to   space 10240K, 0% used [0x00000000e3400000,0x00000000e3400000,0x00000000e3e00000)
 ParOldGen       total 52224K, used 20021K [0x00000000a0000000, 0x00000000a3300000, 0x00000000e0000000)
  object space 52224K, 38% used [0x00000000a0000000,0x00000000a138d6a0,0x00000000a3300000)
 Metaspace       used 42806K, capacity 43858K, committed 44160K, reserved 1087488K
  class space    used 5759K, capacity 6146K, committed 6272K, reserved 1048576K
GC Heap History (10 events):
Event: 51.772 GC heap before
{Heap before GC invocations=13 (full 2):
 PSYoungGen      total 39936K, used 2389K [0x00000000e0000000, 0x00000000e3200000, 0x0000000100000000)
  eden space 29696K, 0% used [0x00000000e0000000,0x00000000e0000000,0x00000000e1d00000)
  from space 10240K, 23% used [0x00000000e1d80000,0x00000000e1fd56f0,0x00000000e2780000)
  to   space 10752K, 0% used [0x00000000e2780000,0x00000000e2780000,0x00000000e3200000)
 ParOldGen       total 47616K, used 15215K [0x00000000a0000000, 0x00000000a2e80000, 0x00000000e0000000)
  object space 47616K, 31% used [0x00000000a0000000,0x00000000a0edbf48,0x00000000a2e80000)
 Metaspace       used 34572K, capacity 35316K, committed 35416K, reserved 1079296K
  class space    used 4729K, capacity 5038K, committed 5120K, reserved 1048576K
Event: 51.881 GC heap after
Heap after GC invocations=13 (full 2):
 PSYoungGen      total 39936K, used 0K [0x00000000e0000000, 0x00000000e3200000, 0x0000000100000000)
  eden space 29696K, 0% used [0x00000000e0000000,0x00000000e0000000,0x00000000e1d00000)
  from space 10240K, 0% used [0x00000000e1d80000,0x00000000e1d80000,0x00000000e2780000)
  to   space 10752K, 0% used [0x00000000e2780000,0x00000000e2780000,0x00000000e3200000)
 ParOldGen       total 52224K, used 14781K [0x00000000a0000000, 0x00000000a3300000, 0x00000000e0000000)
  object space 52224K, 28% used [0x00000000a0000000,0x00000000a0e6f578,0x00000000a3300000)
 Metaspace       used 34572K, capacity 35316K, committed 35416K, reserved 1079296K
  class space    used 4729K, capacity 5038K, committed 5120K, reserved 1048576K
}
Event: 55.261 GC heap before
{Heap before GC invocations=14 (full 2):
 PSYoungGen      total 39936K, used 29696K [0x00000000e0000000, 0x00000000e3200000, 0x0000000100000000)
  eden space 29696K, 100% used [0x00000000e0000000,0x00000000e1d00000,0x00000000e1d00000)
  from space 10240K, 0% used [0x00000000e1d80000,0x00000000e1d80000,0x00000000e2780000)
  to   space 10752K, 0% used [0x00000000e2780000,0x00000000e2780000,0x00000000e3200000)
 ParOldGen       total 52224K, used 14781K [0x00000000a0000000, 0x00000000a3300000, 0x00000000e0000000)
  object space 52224K, 28% used [0x00000000a0000000,0x00000000a0e6f578,0x00000000a3300000)
 Metaspace       used 38276K, capacity 39170K, committed 39424K, reserved 1083392K
  class space    used 5199K, capacity 5558K, committed 5632K, reserved 1048576K
Event: 55.275 GC heap after
Heap after GC invocations=14 (full 2):
 PSYoungGen      total 39424K, used 3471K [0x00000000e0000000, 0x00000000e3180000, 0x0000000100000000)
  eden space 29184K, 0% used [0x00000000e0000000,0x00000000e0000000,0x00000000e1c80000)
  from space 10240K, 33% used [0x00000000e2780000,0x00000000e2ae3e48,0x00000000e3180000)
  to   space 10752K, 0% used [0x00000000e1c80000,0x00000000e1c80000,0x00000000e2700000)
 ParOldGen       total 52224K, used 14789K [0x00000000a0000000, 0x00000000a3300000, 0x00000000e0000000)
  object space 52224K, 28% used [0x00000000a0000000,0x00000000a0e71578,0x00000000a3300000)
 Metaspace       used 38276K, capacity 39170K, committed 39424K, reserved 1083392K
  class space    used 5199K, capacity 5558K, committed 5632K, reserved 1048576K
}
Event: 55.893 GC heap before
{Heap before GC invocations=15 (full 2):
 PSYoungGen      total 39424K, used 32655K [0x00000000e0000000, 0x00000000e3180000, 0x0000000100000000)
  eden space 29184K, 100% used [0x00000000e0000000,0x00000000e1c80000,0x00000000e1c80000)
  from space 10240K, 33% used [0x00000000e2780000,0x00000000e2ae3e48,0x00000000e3180000)
  to   space 10752K, 0% used [0x00000000e1c80000,0x00000000e1c80000,0x00000000e2700000)
 ParOldGen       total 52224K, used 14789K [0x00000000a0000000, 0x00000000a3300000, 0x00000000e0000000)
  object space 52224K, 28% used [0x00000000a0000000,0x00000000a0e71578,0x00000000a3300000)
 Metaspace       used 38783K, capacity 39656K, committed 39936K, reserved 1083392K
  class space    used 5248K, capacity 5591K, committed 5632K, reserved 1048576K
Event: 55.896 GC heap after
Heap after GC invocations=15 (full 2):
 PSYoungGen      total 30720K, used 1576K [0x00000000e0000000, 0x00000000e3100000, 0x0000000100000000)
  eden space 28672K, 0% used [0x00000000e0000000,0x00000000e0000000,0x00000000e1c00000)
  from space 2048K, 77% used [0x00000000e1c80000,0x00000000e1e0a3e0,0x00000000e1e80000)
  to   space 10752K, 0% used [0x00000000e2680000,0x00000000e2680000,0x00000000e3100000)
 ParOldGen       total 52224K, used 15757K [0x00000000a0000000, 0x00000000a3300000, 0x00000000e0000000)
  object space 52224K, 30% used [0x00000000a0000000,0x00000000a0f63578,0x00000000a3300000)
 Metaspace       used 38783K, capacity 39656K, committed 39936K, reserved 1083392K
  class space    used 5248K, capacity 5591K, committed 5632K, reserved 1048576K
}
Event: 58.186 GC heap before
{Heap before GC invocations=16 (full 2):
 PSYoungGen      total 30720K, used 30248K [0x00000000e0000000, 0x00000000e3100000, 0x0000000100000000)
  eden space 28672K, 100% used [0x00000000e0000000,0x00000000e1c00000,0x00000000e1c00000)
  from space 2048K, 77% used [0x00000000e1c80000,0x00000000e1e0a3e0,0x00000000e1e80000)
  to   space 10752K, 0% used [0x00000000e2680000,0x00000000e2680000,0x00000000e3100000)
 ParOldGen       total 52224K, used 15757K [0x00000000a0000000, 0x00000000a3300000, 0x00000000e0000000)
  object space 52224K, 30% used [0x00000000a0000000,0x00000000a0f63578,0x00000000a3300000)
 Metaspace       used 41382K, capacity 42292K, committed 42624K, reserved 1085440K
  class space    used 5544K, capacity 5901K, committed 6016K, reserved 1048576K
Event: 58.196 GC heap after
Heap after GC invocations=16 (full 2):
 PSYoungGen      total 37376K, used 5757K [0x00000000e0000000, 0x00000000e2f80000, 0x0000000100000000)
  eden space 28160K, 0% used [0x00000000e0000000,0x00000000e0000000,0x00000000e1b80000)
  from space 9216K, 62% used [0x00000000e2680000,0x00000000e2c1f460,0x00000000e2f80000)
  to   space 10240K, 0% used [0x00000000e1b80000,0x00000000e1b80000,0x00000000e2580000)
 ParOldGen       total 52224K, used 16949K [0x00000000a0000000, 0x00000000a3300000, 0x00000000e0000000)
  object space 52224K, 32% used [0x00000000a0000000,0x00000000a108d578,0x00000000a3300000)
 Metaspace       used 41382K, capacity 42292K, committed 42624K, reserved 1085440K
  class space    used 5544K, capacity 5901K, committed 6016K, reserved 1048576K
}
Event: 59.018 GC heap before
{Heap before GC invocations=17 (full 2):
 PSYoungGen      total 37376K, used 33917K [0x00000000e0000000, 0x00000000e2f80000, 0x0000000100000000)
  eden space 28160K, 100% used [0x00000000e0000000,0x00000000e1b80000,0x00000000e1b80000)
  from space 9216K, 62% used [0x00000000e2680000,0x00000000e2c1f460,0x00000000e2f80000)
  to   space 10240K, 0% used [0x00000000e1b80000,0x00000000e1b80000,0x00000000e2580000)
 ParOldGen       total 52224K, used 16949K [0x00000000a0000000, 0x00000000a3300000, 0x00000000e0000000)
  object space 52224K, 32% used [0x00000000a0000000,0x00000000a108d578,0x00000000a3300000)
 Metaspace       used 42132K, capacity 43210K, committed 43520K, reserved 1087488K
  class space    used 5669K, capacity 6056K, committed 6144K, reserved 1048576K
Event: 59.058 GC heap after
Heap after GC invocations=17 (full 2):
 PSYoungGen      total 38400K, used 3607K [0x00000000e0000000, 0x00000000e3e00000, 0x0000000100000000)
  eden space 28160K, 0% used [0x00000000e0000000,0x00000000e0000000,0x00000000e1b80000)
  from space 10240K, 35% used [0x00000000e1b80000,0x00000000e1f05c38,0x00000000e2580000)
  to   space 10240K, 0% used [0x00000000e3400000,0x00000000e3400000,0x00000000e3e00000)
 ParOldGen       total 52224K, used 20021K [0x00000000a0000000, 0x00000000a3300000, 0x00000000e0000000)
  object space 52224K, 38% used [0x00000000a0000000,0x00000000a138d6a0,0x00000000a3300000)
 Metaspace       used 42132K, capacity 43210K, committed 43520K, reserved 1087488K
  class space    used 5669K, capacity 6056K, committed 6144K, reserved 1048576K
}

