# JRE version: OpenJDK Runtime Environment (8.0_152-b01) (build 1.8.0_152-release-915-b01)
# Java VM: OpenJDK 64-Bit Server VM (25.152-b01 mixed mode windows-amd64 compressed oops)
Heap:
 PSYoungGen      total 32256K, used 25145K [0x00000000e0000000, 0x00000000e2980000, 0x0000000100000000)
  eden space 24064K, 93% used [0x00000000e0000000,0x00000000e160c808,0x00000000e1780000)
  from space 8192K, 31% used [0x00000000e2180000,0x00000000e2401d28,0x00000000e2980000)
  to   space 9216K, 0% used [0x00000000e1780000,0x00000000e1780000,0x00000000e2080000)
 ParOldGen       total 52736K, used 26159K [0x00000000a0000000, 0x00000000a3380000, 0x00000000e0000000)
  object space 52736K, 49% used [0x00000000a0000000,0x00000000a198bec8,0x00000000a3380000)
 Metaspace       used 51344K, capacity 52992K, committed 53120K, reserved 1095680K
  class space    used 6926K, capacity 7450K, committed 7552K, reserved 1048576K
GC Heap History (10 events):
Event: 85.099 GC heap before
{Heap before GC invocations=20 (full 2):
 PSYoungGen      total 27136K, used 26688K [0x00000000e0000000, 0x00000000e2e00000, 0x0000000100000000)
  eden space 26624K, 100% used [0x00000000e0000000,0x00000000e1a00000,0x00000000e1a00000)
  from space 512K, 12% used [0x00000000e1a80000,0x00000000e1a90000,0x00000000e1b00000)
  to   space 10240K, 0% used [0x00000000e2400000,0x00000000e2400000,0x00000000e2e00000)
 ParOldGen       total 52736K, used 24883K [0x00000000a0000000, 0x00000000a3380000, 0x00000000e0000000)
  object space 52736K, 47% used [0x00000000a0000000,0x00000000a184ccb8,0x00000000a3380000)
 Metaspace       used 47288K, capacity 48538K, committed 48768K, reserved 1091584K
  class space    used 6367K, capacity 6783K, committed 6784K, reserved 1048576K
Event: 85.102 GC heap after
Heap after GC invocations=20 (full 2):
 PSYoungGen      total 35840K, used 1588K [0x00000000e0000000, 0x00000000e2d80000, 0x0000000100000000)
  eden space 26112K, 0% used [0x00000000e0000000,0x00000000e0000000,0x00000000e1980000)
  from space 9728K, 16% used [0x00000000e2400000,0x00000000e258d318,0x00000000e2d80000)
  to   space 10240K, 0% used [0x00000000e1980000,0x00000000e1980000,0x00000000e2380000)
 ParOldGen       total 52736K, used 24899K [0x00000000a0000000, 0x00000000a3380000, 0x00000000e0000000)
  object space 52736K, 47% used [0x00000000a0000000,0x00000000a1850cb8,0x00000000a3380000)
 Metaspace       used 47288K, capacity 48538K, committed 48768K, reserved 1091584K
  class space    used 6367K, capacity 6783K, committed 6784K, reserved 1048576K
}
Event: 90.462 GC heap before
{Heap before GC invocations=21 (full 2):
 PSYoungGen      total 35840K, used 27700K [0x00000000e0000000, 0x00000000e2d80000, 0x0000000100000000)
  eden space 26112K, 100% used [0x00000000e0000000,0x00000000e1980000,0x00000000e1980000)
  from space 9728K, 16% used [0x00000000e2400000,0x00000000e258d318,0x00000000e2d80000)
  to   space 10240K, 0% used [0x00000000e1980000,0x00000000e1980000,0x00000000e2380000)
 ParOldGen       total 52736K, used 24899K [0x00000000a0000000, 0x00000000a3380000, 0x00000000e0000000)
  object space 52736K, 47% used [0x00000000a0000000,0x00000000a1850cb8,0x00000000a3380000)
 Metaspace       used 47547K, capacity 48812K, committed 49152K, reserved 1091584K
  class space    used 6388K, capacity 6798K, committed 6912K, reserved 1048576K
Event: 90.464 GC heap after
Heap after GC invocations=21 (full 2):
 PSYoungGen      total 27136K, used 1479K [0x00000000e0000000, 0x00000000e2d00000, 0x0000000100000000)
  eden space 25600K, 0% used [0x00000000e0000000,0x00000000e0000000,0x00000000e1900000)
  from space 1536K, 96% used [0x00000000e1980000,0x00000000e1af1db0,0x00000000e1b00000)
  to   space 10240K, 0% used [0x00000000e2300000,0x00000000e2300000,0x00000000e2d00000)
 ParOldGen       total 52736K, used 25799K [0x00000000a0000000, 0x00000000a3380000, 0x00000000e0000000)
  object space 52736K, 48% used [0x00000000a0000000,0x00000000a1931ec8,0x00000000a3380000)
 Metaspace       used 47547K, capacity 48812K, committed 49152K, reserved 1091584K
  class space    used 6388K, capacity 6798K, committed 6912K, reserved 1048576K
}
Event: 91.029 GC heap before
{Heap before GC invocations=22 (full 2):
 PSYoungGen      total 27136K, used 27079K [0x00000000e0000000, 0x00000000e2d00000, 0x0000000100000000)
  eden space 25600K, 100% used [0x00000000e0000000,0x00000000e1900000,0x00000000e1900000)
  from space 1536K, 96% used [0x00000000e1980000,0x00000000e1af1db0,0x00000000e1b00000)
  to   space 10240K, 0% used [0x00000000e2300000,0x00000000e2300000,0x00000000e2d00000)
 ParOldGen       total 52736K, used 25799K [0x00000000a0000000, 0x00000000a3380000, 0x00000000e0000000)
  object space 52736K, 48% used [0x00000000a0000000,0x00000000a1931ec8,0x00000000a3380000)
 Metaspace       used 47548K, capacity 48812K, committed 49152K, reserved 1091584K
  class space    used 6388K, capacity 6798K, committed 6912K, reserved 1048576K
Event: 91.031 GC heap after
Heap after GC invocations=22 (full 2):
 PSYoungGen      total 34816K, used 160K [0x00000000e0000000, 0x00000000e2c80000, 0x0000000100000000)
  eden space 25088K, 0% used [0x00000000e0000000,0x00000000e0000000,0x00000000e1880000)
  from space 9728K, 1% used [0x00000000e2300000,0x00000000e2328000,0x00000000e2c80000)
  to   space 10240K, 0% used [0x00000000e1880000,0x00000000e1880000,0x00000000e2280000)
 ParOldGen       total 52736K, used 26103K [0x00000000a0000000, 0x00000000a3380000, 0x00000000e0000000)
  object space 52736K, 49% used [0x00000000a0000000,0x00000000a197dec8,0x00000000a3380000)
 Metaspace       used 47548K, capacity 48812K, committed 49152K, reserved 1091584K
  class space    used 6388K, capacity 6798K, committed 6912K, reserved 1048576K
}
Event: 93.595 GC heap before
{Heap before GC invocations=23 (full 2):
 PSYoungGen      total 34816K, used 25248K [0x00000000e0000000, 0x00000000e2c80000, 0x0000000100000000)
  eden space 25088K, 100% used [0x00000000e0000000,0x00000000e1880000,0x00000000e1880000)
  from space 9728K, 1% used [0x00000000e2300000,0x00000000e2328000,0x00000000e2c80000)
  to   space 10240K, 0% used [0x00000000e1880000,0x00000000e1880000,0x00000000e2280000)
 ParOldGen       total 52736K, used 26103K [0x00000000a0000000, 0x00000000a3380000, 0x00000000e0000000)
  object space 52736K, 49% used [0x00000000a0000000,0x00000000a197dec8,0x00000000a3380000)
 Metaspace       used 47606K, capacity 48824K, committed 49152K, reserved 1091584K
  class space    used 6390K, capacity 6800K, committed 6912K, reserved 1048576K
Event: 93.597 GC heap after
Heap after GC invocations=23 (full 2):
 PSYoungGen      total 25600K, used 960K [0x00000000e0000000, 0x00000000e2b00000, 0x0000000100000000)
  eden space 24576K, 0% used [0x00000000e0000000,0x00000000e0000000,0x00000000e1800000)
  from space 1024K, 93% used [0x00000000e1880000,0x00000000e1970000,0x00000000e1980000)
  to   space 9728K, 0% used [0x00000000e2180000,0x00000000e2180000,0x00000000e2b00000)
 ParOldGen       total 52736K, used 26119K [0x00000000a0000000, 0x00000000a3380000, 0x00000000e0000000)
  object space 52736K, 49% used [0x00000000a0000000,0x00000000a1981ec8,0x00000000a3380000)
 Metaspace       used 47606K, capacity 48824K, committed 49152K, reserved 1091584K
  class space    used 6390K, capacity 6800K, committed 6912K, reserved 1048576K
}
Event: 99.338 GC heap before
{Heap before GC invocations=24 (full 2):
 PSYoungGen      total 25600K, used 25536K [0x00000000e0000000, 0x00000000e2b00000, 0x0000000100000000)
  eden space 24576K, 100% used [0x00000000e0000000,0x00000000e1800000,0x00000000e1800000)
  from space 1024K, 93% used [0x00000000e1880000,0x00000000e1970000,0x00000000e1980000)
  to   space 9728K, 0% used [0x00000000e2180000,0x00000000e2180000,0x00000000e2b00000)
 ParOldGen       total 52736K, used 26119K [0x00000000a0000000, 0x00000000a3380000, 0x00000000e0000000)
  object space 52736K, 49% used [0x00000000a0000000,0x00000000a1981ec8,0x00000000a3380000)
 Metaspace       used 49434K, capacity 50832K, committed 50944K, reserved 1093632K
  class space    used 6631K, capacity 7082K, committed 7168K, reserved 1048576K
Event: 99.342 GC heap after
Heap after GC invocations=24 (full 2):
 PSYoungGen      total 32256K, used 2567K [0x00000000e0000000, 0x00000000e2980000, 0x0000000100000000)
  eden space 24064K, 0% used [0x00000000e0000000,0x00000000e0000000,0x00000000e1780000)
  from space 8192K, 31% used [0x00000000e2180000,0x00000000e2401d28,0x00000000e2980000)
  to   space 9216K, 0% used [0x00000000e1780000,0x00000000e1780000,0x00000000e2080000)
 ParOldGen       total 52736K, used 26159K [0x00000000a0000000, 0x00000000a3380000, 0x00000000e0000000)
  object space 52736K, 49% used [0x00000000a0000000,0x00000000a198bec8,0x00000000a3380000)
 Metaspace       used 49434K, capacity 50832K, committed 50944K, reserved 1093632K
  class space    used 6631K, capacity 7082K, committed 7168K, reserved 1048576K
}

